<?xml version="1.0" encoding="UTF-8"?>
<testsuite name="com.co.ias.demo.reactive.test.demo.repository.UserRepositoryTest" tests="1" skipped="0" failures="0" errors="0" timestamp="2023-03-06T17:14:47" hostname="oscar-vostro3400" time="0.479">
  <properties/>
  <testcase name="getUserByEmailTest()" classname="com.co.ias.demo.reactive.test.demo.repository.UserRepositoryTest" time="0.479"/>
  <system-out><![CDATA[12:14:45.415 [Test worker] DEBUG org.springframework.test.context.BootstrapUtils - Instantiating CacheAwareContextLoaderDelegate from class [org.springframework.test.context.cache.DefaultCacheAwareContextLoaderDelegate]
12:14:45.423 [Test worker] DEBUG org.springframework.test.context.BootstrapUtils - Instantiating BootstrapContext using constructor [public org.springframework.test.context.support.DefaultBootstrapContext(java.lang.Class,org.springframework.test.context.CacheAwareContextLoaderDelegate)]
12:14:45.450 [Test worker] DEBUG org.springframework.test.context.BootstrapUtils - Instantiating TestContextBootstrapper for test class [com.co.ias.demo.reactive.test.demo.repository.UserRepositoryTest] from class [org.springframework.boot.test.context.SpringBootTestContextBootstrapper]
12:14:45.460 [Test worker] INFO org.springframework.boot.test.context.SpringBootTestContextBootstrapper - Neither @ContextConfiguration nor @ContextHierarchy found for test class [com.co.ias.demo.reactive.test.demo.repository.UserRepositoryTest], using SpringBootContextLoader
12:14:45.463 [Test worker] DEBUG org.springframework.test.context.support.AbstractContextLoader - Did not detect default resource location for test class [com.co.ias.demo.reactive.test.demo.repository.UserRepositoryTest]: class path resource [com/co/ias/demo/reactive/test/demo/repository/UserRepositoryTest-context.xml] does not exist
12:14:45.464 [Test worker] DEBUG org.springframework.test.context.support.AbstractContextLoader - Did not detect default resource location for test class [com.co.ias.demo.reactive.test.demo.repository.UserRepositoryTest]: class path resource [com/co/ias/demo/reactive/test/demo/repository/UserRepositoryTestContext.groovy] does not exist
12:14:45.464 [Test worker] INFO org.springframework.test.context.support.AbstractContextLoader - Could not detect default resource locations for test class [com.co.ias.demo.reactive.test.demo.repository.UserRepositoryTest]: no resource found for suffixes {-context.xml, Context.groovy}.
12:14:45.464 [Test worker] INFO org.springframework.test.context.support.AnnotationConfigContextLoaderUtils - Could not detect default configuration classes for test class [com.co.ias.demo.reactive.test.demo.repository.UserRepositoryTest]: UserRepositoryTest does not declare any static, non-private, non-final, nested classes annotated with @Configuration.
12:14:45.494 [Test worker] DEBUG org.springframework.test.context.support.ActiveProfilesUtils - Could not find an 'annotation declaring class' for annotation type [org.springframework.test.context.ActiveProfiles] and class [com.co.ias.demo.reactive.test.demo.repository.UserRepositoryTest]
12:14:45.535 [Test worker] DEBUG org.springframework.context.annotation.ClassPathScanningCandidateComponentProvider - Identified candidate component class: file [/home/oarango/Reactive Test Demo/build/classes/java/main/com/co/ias/demo/reactive/test/demo/ReactiveTestDemoApplication.class]
12:14:45.536 [Test worker] INFO org.springframework.boot.test.context.SpringBootTestContextBootstrapper - Found @SpringBootConfiguration com.co.ias.demo.reactive.test.demo.ReactiveTestDemoApplication for test class com.co.ias.demo.reactive.test.demo.repository.UserRepositoryTest
12:14:45.592 [Test worker] DEBUG org.springframework.boot.test.context.SpringBootTestContextBootstrapper - @TestExecutionListeners is not present for class [com.co.ias.demo.reactive.test.demo.repository.UserRepositoryTest]: using defaults.
12:14:45.593 [Test worker] INFO org.springframework.boot.test.context.SpringBootTestContextBootstrapper - Loaded default TestExecutionListener class names from location [META-INF/spring.factories]: [org.springframework.boot.test.autoconfigure.restdocs.RestDocsTestExecutionListener, org.springframework.boot.test.autoconfigure.web.client.MockRestServiceServerResetTestExecutionListener, org.springframework.boot.test.autoconfigure.web.servlet.MockMvcPrintOnlyOnFailureTestExecutionListener, org.springframework.boot.test.autoconfigure.web.servlet.WebDriverTestExecutionListener, org.springframework.boot.test.autoconfigure.webservices.client.MockWebServiceServerTestExecutionListener, org.springframework.boot.test.mock.mockito.MockitoTestExecutionListener, org.springframework.boot.test.mock.mockito.ResetMocksTestExecutionListener, org.springframework.test.context.web.ServletTestExecutionListener, org.springframework.test.context.support.DirtiesContextBeforeModesTestExecutionListener, org.springframework.test.context.event.ApplicationEventsTestExecutionListener, org.springframework.test.context.support.DependencyInjectionTestExecutionListener, org.springframework.test.context.support.DirtiesContextTestExecutionListener, org.springframework.test.context.transaction.TransactionalTestExecutionListener, org.springframework.test.context.jdbc.SqlScriptsTestExecutionListener, org.springframework.test.context.event.EventPublishingTestExecutionListener]
12:14:45.599 [Test worker] DEBUG org.springframework.boot.test.context.SpringBootTestContextBootstrapper - Skipping candidate TestExecutionListener [org.springframework.test.context.web.ServletTestExecutionListener] due to a missing dependency. Specify custom listener classes or make the default listener classes and their required dependencies available. Offending class: [javax/servlet/ServletContext]
12:14:45.605 [Test worker] INFO org.springframework.boot.test.context.SpringBootTestContextBootstrapper - Using TestExecutionListeners: [org.springframework.test.context.support.DirtiesContextBeforeModesTestExecutionListener@239b0f9d, org.springframework.test.context.event.ApplicationEventsTestExecutionListener@619bfe29, org.springframework.boot.test.mock.mockito.MockitoTestExecutionListener@5b057c8c, org.springframework.boot.test.autoconfigure.SpringBootDependencyInjectionTestExecutionListener@1eb6749b, org.springframework.test.context.support.DirtiesContextTestExecutionListener@652a7737, org.springframework.test.context.transaction.TransactionalTestExecutionListener@5b7ea70d, org.springframework.test.context.jdbc.SqlScriptsTestExecutionListener@2bef51f2, org.springframework.test.context.event.EventPublishingTestExecutionListener@650eab8, org.springframework.boot.test.autoconfigure.restdocs.RestDocsTestExecutionListener@30f5a68a, org.springframework.boot.test.autoconfigure.web.client.MockRestServiceServerResetTestExecutionListener@1e1d3956, org.springframework.boot.test.autoconfigure.web.servlet.MockMvcPrintOnlyOnFailureTestExecutionListener@4f2c9ba6, org.springframework.boot.test.autoconfigure.web.servlet.WebDriverTestExecutionListener@4e28bdd1, org.springframework.boot.test.autoconfigure.webservices.client.MockWebServiceServerTestExecutionListener@53f48368, org.springframework.boot.test.mock.mockito.ResetMocksTestExecutionListener@24d4d7c9]
12:14:45.607 [Test worker] DEBUG org.springframework.test.context.support.AbstractDirtiesContextTestExecutionListener - Before test class: context [DefaultTestContext@2783717b testClass = UserRepositoryTest, testInstance = [null], testMethod = [null], testException = [null], mergedContextConfiguration = [ReactiveWebMergedContextConfiguration@76f7d241 testClass = UserRepositoryTest, locations = '{}', classes = '{class com.co.ias.demo.reactive.test.demo.ReactiveTestDemoApplication}', contextInitializerClasses = '[]', activeProfiles = '{}', propertySourceLocations = '{}', propertySourceProperties = '{org.springframework.boot.test.context.SpringBootTestContextBootstrapper=true}', contextCustomizers = set[org.springframework.boot.test.autoconfigure.actuate.metrics.MetricsExportContextCustomizerFactory$DisableMetricExportContextCustomizer@62010f5c, org.springframework.boot.test.autoconfigure.properties.PropertyMappingContextCustomizer@0, org.springframework.boot.test.autoconfigure.web.servlet.WebDriverContextCustomizerFactory$Customizer@1fc32e4f, org.springframework.boot.test.context.filter.ExcludeFilterContextCustomizer@7efaad5a, org.springframework.boot.test.json.DuplicateJsonObjectContextCustomizerFactory$DuplicateJsonObjectContextCustomizer@416c58f5, org.springframework.boot.test.mock.mockito.MockitoContextCustomizer@0, org.springframework.boot.test.web.client.TestRestTemplateContextCustomizer@6ccdb29f, org.springframework.boot.test.web.reactive.server.WebTestClientContextCustomizer@61544ae6, org.springframework.boot.test.context.SpringBootTestArgs@1, org.springframework.boot.test.context.SpringBootTestWebEnvironment@68567e20], contextLoader = 'org.springframework.boot.test.context.SpringBootContextLoader', parent = [null]], attributes = map[[empty]]], class annotated with @DirtiesContext [false] with mode [null].
12:14:45.615 [Test worker] DEBUG org.springframework.test.context.support.DependencyInjectionTestExecutionListener - Performing dependency injection for test context [[DefaultTestContext@2783717b testClass = UserRepositoryTest, testInstance = com.co.ias.demo.reactive.test.demo.repository.UserRepositoryTest@2dbf4cbd, testMethod = [null], testException = [null], mergedContextConfiguration = [ReactiveWebMergedContextConfiguration@76f7d241 testClass = UserRepositoryTest, locations = '{}', classes = '{class com.co.ias.demo.reactive.test.demo.ReactiveTestDemoApplication}', contextInitializerClasses = '[]', activeProfiles = '{}', propertySourceLocations = '{}', propertySourceProperties = '{org.springframework.boot.test.context.SpringBootTestContextBootstrapper=true}', contextCustomizers = set[org.springframework.boot.test.autoconfigure.actuate.metrics.MetricsExportContextCustomizerFactory$DisableMetricExportContextCustomizer@62010f5c, org.springframework.boot.test.autoconfigure.properties.PropertyMappingContextCustomizer@0, org.springframework.boot.test.autoconfigure.web.servlet.WebDriverContextCustomizerFactory$Customizer@1fc32e4f, org.springframework.boot.test.context.filter.ExcludeFilterContextCustomizer@7efaad5a, org.springframework.boot.test.json.DuplicateJsonObjectContextCustomizerFactory$DuplicateJsonObjectContextCustomizer@416c58f5, org.springframework.boot.test.mock.mockito.MockitoContextCustomizer@0, org.springframework.boot.test.web.client.TestRestTemplateContextCustomizer@6ccdb29f, org.springframework.boot.test.web.reactive.server.WebTestClientContextCustomizer@61544ae6, org.springframework.boot.test.context.SpringBootTestArgs@1, org.springframework.boot.test.context.SpringBootTestWebEnvironment@68567e20], contextLoader = 'org.springframework.boot.test.context.SpringBootContextLoader', parent = [null]], attributes = map['org.springframework.test.context.event.ApplicationEventsTestExecutionListener.recordApplicationEvents' -> false]]].

  .   ____          _            __ _ _
 /\\ / ___'_ __ _ _(_)_ __  __ _ \ \ \ \
( ( )\___ | '_ | '_| | '_ \/ _` | \ \ \ \
 \\/  ___)| |_)| | | | | || (_| |  ) ) ) )
  '  |____| .__|_| |_|_| |_\__, | / / / /
 =========|_|==============|___/=/_/_/_/
 :: Spring Boot ::                (v2.7.9)

2023-03-06 12:14:45.849  INFO 78047 --- [    Test worker] c.c.i.d.r.t.d.r.UserRepositoryTest       : Starting UserRepositoryTest using Java 19.0.2 on oscar-vostro3400 with PID 78047 (started by oarango in /home/oarango/Reactive Test Demo)
2023-03-06 12:14:45.850  INFO 78047 --- [    Test worker] c.c.i.d.r.t.d.r.UserRepositoryTest       : No active profile set, falling back to 1 default profile: "default"
2023-03-06 12:14:46.255  INFO 78047 --- [    Test worker] .s.d.r.c.RepositoryConfigurationDelegate : Bootstrapping Spring Data R2DBC repositories in DEFAULT mode.
2023-03-06 12:14:46.263  INFO 78047 --- [    Test worker] .s.d.r.c.RepositoryConfigurationDelegate : Finished Spring Data repository scanning in 5 ms. Found 0 R2DBC repository interfaces.
2023-03-06 12:14:46.369  INFO 78047 --- [    Test worker] .s.d.r.c.RepositoryConfigurationDelegate : Bootstrapping Spring Data R2DBC repositories in DEFAULT mode.
2023-03-06 12:14:46.477  INFO 78047 --- [    Test worker] .s.d.r.c.RepositoryConfigurationDelegate : Finished Spring Data repository scanning in 106 ms. Found 1 R2DBC repository interfaces.
2023-03-06 12:14:47.888  WARN 78047 --- [tor-tcp-epoll-1] i.r.p.client.ReactorNettyClient          : Notice: SEVERITY_LOCALIZED=NOTICE, SEVERITY_NON_LOCALIZED=NOTICE, CODE=42P07, MESSAGE=relation "account" already exists, skipping, FILE=parse_utilcmd.c, LINE=209, ROUTINE=transformCreateStmt
2023-03-06 12:14:47.968  INFO 78047 --- [    Test worker] c.c.i.d.r.t.d.r.UserRepositoryTest       : Started UserRepositoryTest in 2.335 seconds (JVM running for 3.141)
]]></system-out>
  <system-err><![CDATA[]]></system-err>
</testsuite>
